<?xml version="1.0" encoding="UTF-8"?>
<testsuites>
    <testsuite name="as-a-user-i-should-be-able-to-have-lists.;" tests="3" failures="0" skipped="0">
        <properties>
            <property name="URI" value="C:/Users/bhara/Documents/Shopshop/selenium/features/lists.feature">
            </property>
        </properties>
        <testcase name="Given I am not logged in navigates to GroceryList page" classname="as-a-user-i-should-be-able-to-have-lists.;" time="4.135495391">
        </testcase>
        <testcase name="When I click on select list valj-kategory button" classname="as-a-user-i-should-be-able-to-have-lists.;" time="0.105009696">
        </testcase>
        <testcase name="Then I should see &apos;Fisk&apos;, &apos;Kött&apos;, &apos;Godis&apos;, &apos;Grönsaker&apos;,&apos;Frukt&apos;" classname="as-a-user-i-should-be-able-to-have-lists.;" time="0.256434227">
        </testcase>
    </testsuite>
    <testsuite name="as-a-user-i-should-be-able-to-have-lists.;" tests="3" failures="0" skipped="0">
        <properties>
            <property name="URI" value="C:/Users/bhara/Documents/Shopshop/selenium/features/lists.feature">
            </property>
        </properties>
        <testcase name="Given I am logged in navigates to GroceryList page" classname="as-a-user-i-should-be-able-to-have-lists.;" time="3.523590136">
        </testcase>
        <testcase name="When I click on select list valj-kategory button" classname="as-a-user-i-should-be-able-to-have-lists.;" time="0.115783859">
        </testcase>
        <testcase name="Then I should see &apos;Fisk&apos;, &apos;Kött&apos;, &apos;Godis&apos;, &apos;Grönsaker&apos;,&apos;Frukt&apos;" classname="as-a-user-i-should-be-able-to-have-lists.;" time="0.264585675">
        </testcase>
    </testsuite>
    <testsuite name="as-a-user-i-should-be-able-to-have-lists.;" tests="4" failures="0" skipped="0">
        <properties>
            <property name="URI" value="C:/Users/bhara/Documents/Shopshop/selenium/features/lists.feature">
            </property>
        </properties>
        <testcase name="Given that I have text box to add list name" classname="as-a-user-i-should-be-able-to-have-lists.;" time="3.448854082">
        </testcase>
        <testcase name="When I enter list name" classname="as-a-user-i-should-be-able-to-have-lists.;" time="0.122613498">
        </testcase>
        <testcase name="And I click on Lägatill button" classname="as-a-user-i-should-be-able-to-have-lists.;" time="0.081618173">
        </testcase>
        <testcase name="Then I should get a list with name it has been mentioned." classname="as-a-user-i-should-be-able-to-have-lists.;" time="3.095284703">
        </testcase>
    </testsuite>
</testsuites>